#
# A fatal error has been detected by the Java Runtime Environment:
#
#  EXCEPTION_INT_DIVIDE_BY_ZERO (0xc0000094) at pc=0x6335e4b7, pid=5156, tid=5792
#
# JRE version: 7.0_09-b05
# Java VM: Java HotSpot(TM) Client VM (23.5-b02 mixed mode, sharing windows-x86 )
# Problematic frame:
# C  [XnVFeatures_1_5_2.dll+0x21e4b7]  xnModuleGetOpenNIVersion+0x1e0497
#
# Failed to write core dump. Minidumps are not enabled by default on client versions of Windows
#
# If you would like to submit a bug report, please visit:
#   http://bugreport.sun.com/bugreport/crash.jsp
# The crash happened outside the Java Virtual Machine in native code.
# See problematic frame for where to report the bug.
#

---------------  T H R E A D  ---------------

Current thread (0x04d06000):  JavaThread "Animation Thread" [_thread_in_native, id=5792, stack(0x09c20000,0x09c70000)]

siginfo: ExceptionCode=0xc0000094

Registers:
EAX=0x0000005a, EBX=0x00000000, ECX=0x633b80e0, EDX=0x00000000
ESP=0x09c6ec10, EBP=0x633b84e4, ESI=0x633b8154, EDI=0x633b80e0
EIP=0x6335e4b7, EFLAGS=0x00210246

Top of Stack: (sp=0x09c6ec10)
0x09c6ec10:   09c6ed04 09c6ecf8 04db00c0 633b80e0
0x09c6ec20:   63373bc1 633b8154 633b84e4 00000000
0x09c6ec30:   00000000 000000a0 09c6ed66 0798d508
0x09c6ec40:   01c6ece4 020800a0 09c6ecf0 09c6ed64
0x09c6ec50:   00000000 00000000 00000000 00c6f42c
0x09c6ec60:   00000003 000000a0 fffffffe 00000050
0x09c6ec70:   7e478423 09c6ebf4 00000228 09c6efdc
0x09c6ec80:   779a71d5 00000000 00000000 09c6ef00 

Instructions: (pc=0x6335e4b7)
0x6335e497:   a8 a2 38 63 90 8d 74 26 00 57 56 55 53 8b f9 33
0x6335e4a7:   d2 8b 74 24 14 8b 6c 24 18 8b 5c 24 1c 8b 46 28
0x6335e4b7:   f7 f3 33 d2 8b c8 8b 46 2c f7 f3 50 51 56 55 e8
0x6335e4c7:   55 12 01 00 83 c4 10 53 ff 76 2c 8b 46 1c 8b 6d 


Register to memory mapping:

EAX=0x0000005a is an unknown value
EBX=0x00000000 is an unknown value
ECX=0x633b80e0 is an unknown value
EDX=0x00000000 is an unknown value
ESP=0x09c6ec10 is pointing into the stack for thread: 0x04d06000
EBP=0x633b84e4 is an unknown value
ESI=0x633b8154 is an unknown value
EDI=0x633b80e0 is an unknown value


Stack: [0x09c20000,0x09c70000],  sp=0x09c6ec10,  free space=315k
Native frames: (J=compiled Java code, j=interpreted, Vv=VM code, C=native code)
C  [XnVFeatures_1_5_2.dll+0x21e4b7]  xnModuleGetOpenNIVersion+0x1e0497

Java frames: (J=compiled Java code, j=interpreted, Vv=VM code)
j  SimpleOpenNI.SimpleOpenNIJNI.ContextWrapper_enableSceneSwigExplicitContextWrapper__SWIG_0(JLSimpleOpenNI/ContextWrapper;)Z+0
j  SimpleOpenNI.ContextWrapper.enableScene()Z+26
j  SimpleOpenNI.SimpleOpenNI.enableScene()Z+1
j  MappInect.setup()V+86
j  processing.core.PApplet.handleDraw()V+65
j  processing.core.PApplet.run()V+72
j  java.lang.Thread.run()V+11
v  ~StubRoutines::call_stub

---------------  P R O C E S S  ---------------

Java Threads: ( => current thread )
  0x04d1d400 JavaThread "Java Sound Event Dispatcher" daemon [_thread_blocked, id=5384, stack(0x0a3e0000,0x0a430000)]
=>0x04d06000 JavaThread "Animation Thread" [_thread_in_native, id=5792, stack(0x09c20000,0x09c70000)]
  0x04c57000 JavaThread "Image Fetcher 0" daemon [_thread_blocked, id=364, stack(0x09110000,0x09160000)]
  0x04c39800 JavaThread "AWT-EventQueue-0" [_thread_blocked, id=984, stack(0x07e10000,0x07e60000)]
  0x04c4ac00 JavaThread "AWT-Windows" daemon [_thread_in_native, id=3260, stack(0x04ff0000,0x05040000)]
  0x04c66400 JavaThread "AWT-Shutdown" [_thread_blocked, id=2696, stack(0x04a70000,0x04ac0000)]
  0x04cc4800 JavaThread "Java2D Disposer" daemon [_thread_blocked, id=4380, stack(0x04e40000,0x04e90000)]
  0x00fa3c00 JavaThread "Service Thread" daemon [_thread_blocked, id=4584, stack(0x04b90000,0x04be0000)]
  0x00f9e800 JavaThread "C1 CompilerThread0" daemon [_thread_blocked, id=5340, stack(0x04ac0000,0x04b10000)]
  0x00f9d800 JavaThread "Attach Listener" daemon [_thread_blocked, id=2500, stack(0x01030000,0x01080000)]
  0x00f93000 JavaThread "Signal Dispatcher" daemon [_thread_blocked, id=4264, stack(0x027c0000,0x02810000)]
  0x00f87400 JavaThread "Finalizer" daemon [_thread_blocked, id=1344, stack(0x025b0000,0x02600000)]
  0x00f82400 JavaThread "Reference Handler" daemon [_thread_blocked, id=5336, stack(0x026f0000,0x02740000)]
  0x026cb400 JavaThread "main" [_thread_blocked, id=6060, stack(0x00d50000,0x00da0000)]

Other Threads:
  0x00f80800 VMThread [stack: 0x024f0000,0x02540000] [id=5352]
  0x00fb5800 WatcherThread [stack: 0x02600000,0x02650000] [id=2068]

VM state:not at safepoint (normal execution)

VM Mutex/Monitor currently owned by a thread: None

Heap
 def new generation   total 4928K, used 1997K [0x27010000, 0x27560000, 0x2c560000)
  eden space 4416K,  33% used [0x27010000, 0x271835b8, 0x27460000)
  from space 512K, 100% used [0x274e0000, 0x27560000, 0x27560000)
  to   space 512K,   0% used [0x27460000, 0x27460000, 0x274e0000)
 tenured generation   total 10944K, used 1015K [0x2c560000, 0x2d010000, 0x37010000)
   the space 10944K,   9% used [0x2c560000, 0x2c65dc38, 0x2c65de00, 0x2d010000)
 compacting perm gen  total 12288K, used 1869K [0x37010000, 0x37c10000, 0x3b010000)
   the space 12288K,  15% used [0x37010000, 0x371e3760, 0x371e3800, 0x37c10000)
    ro space 10240K,  42% used [0x3b010000, 0x3b450348, 0x3b450400, 0x3ba10000)
    rw space 12288K,  54% used [0x3ba10000, 0x3c0906f0, 0x3c090800, 0x3c610000)

Card table byte_map: [0x00da0000,0x00e50000] byte_map_base: 0x00c67f80

Polling page: 0x001d0000

Code Cache  [0x02900000, 0x029c0000, 0x04900000)
 total_blobs=364 nmethods=80 adapters=219 free_code_cache=32017Kb largest_free_block=32785984

Compilation events (10 events):
Event: 1.281 Thread 0x00f9e800   74   !         java.lang.ref.Finalizer::add (41 bytes)
Event: 1.281 Thread 0x00f9e800 nmethod 74 0x029bab08 code [0x029bac10, 0x029bae40]
Event: 1.281 Thread 0x00f9e800   75             SimpleOpenNI.ContextWrapper::depthMapSize (9 bytes)
Event: 1.281 Thread 0x00f9e800 nmethod 75 0x029baf08 code [0x029bb000, 0x029bb09c]
Event: 1.281 Thread 0x00f9e800   77             processing.core.PVector::<init> (5 bytes)
Event: 1.281 Thread 0x00f9e800 nmethod 77 0x029bb108 code [0x029bb200, 0x029bb280]
Event: 1.281 Thread 0x00f9e800   78             SimpleOpenNI.XnPoint3D::<init> (9 bytes)
Event: 1.282 Thread 0x00f9e800 nmethod 78 0x029bb2c8 code [0x029bb3d0, 0x029bb48c]
Event: 1.291 Thread 0x00f9e800   80             SimpleOpenNI.XnPoint3D::<init> (15 bytes)
Event: 1.291 Thread 0x00f9e800 nmethod 80 0x029bb7c8 code [0x029bb8c0, 0x029bb960]

GC Heap History (2 events):
Event: 1.248 GC heap before
{Heap before GC invocations=0 (full 0):
 def new generation   total 4928K, used 4398K [0x27010000, 0x27560000, 0x2c560000)
  eden space 4416K,  99% used [0x27010000, 0x2745bb58, 0x27460000)
  from space 512K,   0% used [0x27460000, 0x27460000, 0x274e0000)
  to   space 512K,   0% used [0x274e0000, 0x274e0000, 0x27560000)
 tenured generation   total 10944K, used 0K [0x2c560000, 0x2d010000, 0x37010000)
   the space 10944K,   0% used [0x2c560000, 0x2c560000, 0x2c560200, 0x2d010000)
 compacting perm gen  total 12288K, used 1670K [0x37010000, 0x37c10000, 0x3b010000)
   the space 12288K,  13% used [0x37010000, 0x371b1b00, 0x371b1c00, 0x37c10000)
    ro space 10240K,  42% used [0x3b010000, 0x3b450348, 0x3b450400, 0x3ba10000)
    rw space 12288K,  54% used [0x3ba10000, 0x3c0906f0, 0x3c090800, 0x3c610000)
Event: 1.252 GC heap after
Heap after GC invocations=1 (full 0):
 def new generation   total 4928K, used 512K [0x27010000, 0x27560000, 0x2c560000)
  eden space 4416K,   0% used [0x27010000, 0x27010000, 0x27460000)
  from space 512K, 100% used [0x274e0000, 0x27560000, 0x27560000)
  to   space 512K,   0% used [0x27460000, 0x27460000, 0x274e0000)
 tenured generation   total 10944K, used 1015K [0x2c560000, 0x2d010000, 0x37010000)
   the space 10944K,   9% used [0x2c560000, 0x2c65dc38, 0x2c65de00, 0x2d010000)
 compacting perm gen  total 12288K, used 1670K [0x37010000, 0x37c10000, 0x3b010000)
   the space 12288K,  13% used [0x37010000, 0x371b1b00, 0x371b1c00, 0x37c10000)
    ro space 10240K,  42% used [0x3b010000, 0x3b450348, 0x3b450400, 0x3ba10000)
    rw space 12288K,  54% used [0x3ba10000, 0x3c0906f0, 0x3c090800, 0x3c610000)
}

Deoptimization events (0 events):
No events

Internal exceptions (10 events):
Event: 1.241 Thread 0x04d06000 Threw 0x274124e8 at C:\jdk7u1_32P\jdk7u9_3984_new\hotspot\src\share\vm\prims\jni.cpp:716
Event: 1.241 Thread 0x04d06000 Threw 0x27412650 at C:\jdk7u1_32P\jdk7u9_3984_new\hotspot\src\share\vm\prims\jni.cpp:716
Event: 1.241 Thread 0x04d06000 Threw 0x274127e8 at C:\jdk7u1_32P\jdk7u9_3984_new\hotspot\src\share\vm\prims\jni.cpp:716
Event: 1.241 Thread 0x04d06000 Threw 0x27412950 at C:\jdk7u1_32P\jdk7u9_3984_new\hotspot\src\share\vm\prims\jni.cpp:716
Event: 1.241 Thread 0x04d06000 Threw 0x274133d0 at C:\jdk7u1_32P\jdk7u9_3984_new\hotspot\src\share\vm\prims\jvm.cpp:1166
Event: 1.242 Thread 0x04d06000 Threw 0x27429e50 at C:\jdk7u1_32P\jdk7u9_3984_new\hotspot\src\share\vm\prims\jvm.cpp:1166
Event: 1.242 Thread 0x04d06000 Threw 0x2742f7a0 at C:\jdk7u1_32P\jdk7u9_3984_new\hotspot\src\share\vm\prims\jvm.cpp:1166
Event: 1.247 Thread 0x04d06000 Threw 0x27449100 at C:\jdk7u1_32P\jdk7u9_3984_new\hotspot\src\share\vm\prims\jvm.cpp:1166
Event: 1.255 Thread 0x04d06000 Threw 0x27036db8 at C:\jdk7u1_32P\jdk7u9_3984_new\hotspot\src\share\vm\prims\jvm.cpp:1166
Event: 1.279 Thread 0x04d06000 Threw 0x2703f2b0 at C:\jdk7u1_32P\jdk7u9_3984_new\hotspot\src\share\vm\prims\jvm.cpp:1166

Events (10 events):
Event: 1.242 loading class 0x04d9ad20
Event: 1.242 loading class 0x04d9ad20 done
Event: 1.247 loading class 0x04d9afc0
Event: 1.247 loading class 0x04d9afc0 done
Event: 1.248 Executing VM operation: GenCollectForAllocation
Event: 1.252 Executing VM operation: GenCollectForAllocation done
Event: 1.255 loading class 0x04da5550
Event: 1.255 loading class 0x04da5550 done
Event: 1.279 loading class 0x04d9ac60
Event: 1.279 loading class 0x04d9ac60 done


Dynamic libraries:
0x010a0000 - 0x010cf000 	C:\Windows\SysWOW64\javaw.exe
0x77930000 - 0x77ab0000 	C:\Windows\SysWOW64\ntdll.dll
0x76350000 - 0x76460000 	C:\Windows\syswow64\kernel32.dll
0x76630000 - 0x76677000 	C:\Windows\syswow64\KERNELBASE.dll
0x76b60000 - 0x76c00000 	C:\Windows\syswow64\ADVAPI32.dll
0x76480000 - 0x7652c000 	C:\Windows\syswow64\msvcrt.dll
0x76d90000 - 0x76da9000 	C:\Windows\SysWOW64\sechost.dll
0x76c90000 - 0x76d80000 	C:\Windows\syswow64\RPCRT4.dll
0x75010000 - 0x75070000 	C:\Windows\syswow64\SspiCli.dll
0x75000000 - 0x7500c000 	C:\Windows\syswow64\CRYPTBASE.dll
0x767a0000 - 0x768a0000 	C:\Windows\syswow64\USER32.dll
0x76db0000 - 0x76e40000 	C:\Windows\syswow64\GDI32.dll
0x77900000 - 0x7790a000 	C:\Windows\syswow64\LPK.dll
0x76530000 - 0x765cd000 	C:\Windows\syswow64\USP10.dll
0x6edb0000 - 0x6ef4e000 	C:\Windows\WinSxS\x86_microsoft.windows.common-controls_6595b64144ccf1df_6.0.7601.17514_none_41e6975e2bd6f2b2\COMCTL32.dll
0x76190000 - 0x761e7000 	C:\Windows\syswow64\SHLWAPI.dll
0x765d0000 - 0x76630000 	C:\Windows\system32\IMM32.DLL
0x761f0000 - 0x762bc000 	C:\Windows\syswow64\MSCTF.dll
0x74e90000 - 0x74ec5000 	C:\Windows\SysWOW64\nvinit.dll
0x0f000000 - 0x0f006000 	C:\Program Files (x86)\NVIDIA Corporation\CoProcManager\_etoured.dll
0x6d0c0000 - 0x6d109000 	C:\Program Files (x86)\NVIDIA Corporation\CoProcManager\nvd3d9wrap.dll
0x769c0000 - 0x76b5d000 	C:\Windows\syswow64\SETUPAPI.dll
0x77040000 - 0x77067000 	C:\Windows\syswow64\CFGMGR32.dll
0x762c0000 - 0x7634f000 	C:\Windows\syswow64\OLEAUT32.dll
0x76e40000 - 0x76f9c000 	C:\Windows\syswow64\ole32.dll
0x76fa0000 - 0x76fb2000 	C:\Windows\syswow64\DEVOBJ.dll
0x6d030000 - 0x6d069000 	C:\Program Files (x86)\NVIDIA Corporation\CoProcManager\nvdxgiwrap.dll
0x6ef80000 - 0x6f03e000 	C:\Program Files (x86)\Java\jre7\bin\msvcr100.dll
0x63670000 - 0x639bd000 	C:\Program Files (x86)\Java\jre7\bin\client\jvm.dll
0x739d0000 - 0x739d7000 	C:\Windows\SysWOW64\WSOCK32.dll
0x76120000 - 0x76155000 	C:\Windows\syswow64\WS2_32.dll
0x76460000 - 0x76466000 	C:\Windows\syswow64\NSI.dll
0x73580000 - 0x735b2000 	C:\Windows\SysWOW64\WINMM.dll
0x76d80000 - 0x76d85000 	C:\Windows\syswow64\PSAPI.DLL
0x6f0f0000 - 0x6f0fc000 	C:\Program Files (x86)\Java\jre7\bin\verify.dll
0x6f0d0000 - 0x6f0f0000 	C:\Program Files (x86)\Java\jre7\bin\java.dll
0x6f0b0000 - 0x6f0c3000 	C:\Program Files (x86)\Java\jre7\bin\zip.dll
0x6d600000 - 0x6d742000 	C:\Program Files (x86)\Java\jre7\bin\awt.dll
0x71240000 - 0x712c0000 	C:\Windows\system32\uxtheme.dll
0x74360000 - 0x74373000 	C:\Windows\SysWOW64\dwmapi.dll
0x6fcf0000 - 0x6feb3000 	C:\Windows\system32\d3d9.dll
0x74f30000 - 0x74f39000 	C:\Windows\SysWOW64\VERSION.dll
0x6ff00000 - 0x6ff06000 	C:\Windows\SysWOW64\d3d8thk.dll
0x692a0000 - 0x6936f000 	C:\Windows\SysWOW64\nvumdshim.dll
0x69020000 - 0x69293000 	C:\Windows\SysWOW64\nvapi.dll
0x751e0000 - 0x75e2a000 	C:\Windows\syswow64\SHELL32.dll
0x68170000 - 0x6901e000 	C:\Windows\system32\nvd3dum.dll
0x10000000 - 0x10094000 	C:\Windows\system32\igdumdx32.dll
0x76710000 - 0x7673d000 	C:\Windows\syswow64\WINTRUST.dll
0x75e30000 - 0x75f4e000 	C:\Windows\syswow64\CRYPT32.dll
0x76470000 - 0x7647c000 	C:\Windows\syswow64\MSASN1.dll
0x056a0000 - 0x05cbe000 	C:\Windows\SysWOW64\igdumd32.dll
0x74110000 - 0x74135000 	C:\Windows\SysWOW64\PowrProf.dll
0x070c0000 - 0x071ab000 	C:\Program Files (x86)\NVIDIA Corporation\3D Vision\nvSCPAPI.dll
0x6a5b0000 - 0x6a633000 	C:\Windows\SysWOW64\dxgi.dll
0x6f080000 - 0x6f0aa000 	C:\Program Files (x86)\Java\jre7\bin\fontmanager.dll
0x6f520000 - 0x6f52a000 	C:\Program Files (x86)\Java\jre7\bin\jsound.dll
0x6f070000 - 0x6f079000 	C:\Program Files (x86)\Java\jre7\bin\jsoundds.dll
0x70ae0000 - 0x70b52000 	C:\Windows\SysWOW64\DSOUND.dll
0x711d0000 - 0x71209000 	C:\Windows\SysWOW64\MMDevAPI.DLL
0x710d0000 - 0x711c5000 	C:\Windows\SysWOW64\PROPSYS.dll
0x710a0000 - 0x710d0000 	C:\Windows\SysWOW64\wdmaud.drv
0x71090000 - 0x71094000 	C:\Windows\SysWOW64\ksuser.dll
0x71080000 - 0x71087000 	C:\Windows\SysWOW64\AVRT.dll
0x02540000 - 0x0254d000 	C:\Windows\SysWOW64\myokent.dll
0x71040000 - 0x71076000 	C:\Windows\SysWOW64\AUDIOSES.DLL
0x71030000 - 0x71038000 	C:\Windows\SysWOW64\msacm32.drv
0x71010000 - 0x71024000 	C:\Windows\SysWOW64\MSACM32.dll
0x71000000 - 0x71007000 	C:\Windows\SysWOW64\midimap.dll
0x6f050000 - 0x6f064000 	C:\Program Files (x86)\Java\jre7\bin\net.dll
0x740c0000 - 0x740fc000 	C:\Windows\system32\mswsock.dll
0x740a0000 - 0x740a6000 	C:\Windows\System32\wship6.dll
0x6f040000 - 0x6f04f000 	C:\Program Files (x86)\Java\jre7\bin\nio.dll
0x730d0000 - 0x730e0000 	C:\Windows\system32\NLAapi.dll
0x730c0000 - 0x730d0000 	C:\Windows\system32\napinsp.dll
0x730a0000 - 0x730b2000 	C:\Windows\system32\pnrpnsp.dll
0x73090000 - 0x7309d000 	C:\Windows\system32\wshbth.dll
0x73060000 - 0x73085000 	C:\Program Files (x86)\Bonjour\mdnsNSP.dll
0x741b0000 - 0x741cc000 	C:\Windows\SysWOW64\Iphlpapi.DLL
0x741a0000 - 0x741a7000 	C:\Windows\SysWOW64\WINNSI.DLL
0x74050000 - 0x74094000 	C:\Windows\SysWOW64\DNSAPI.dll
0x73050000 - 0x73058000 	C:\Windows\System32\winrnr.dll
0x73020000 - 0x73047000 	C:\Program Files (x86)\Common Files\Microsoft Shared\Windows Live\WLIDNSP.DLL
0x740b0000 - 0x740b5000 	C:\Windows\System32\wshtcpip.dll
0x70f50000 - 0x70f56000 	C:\Windows\SysWOW64\rasadhlp.dll
0x70f10000 - 0x70f48000 	C:\Windows\System32\fwpuclnt.dll
0x049e0000 - 0x04a00000 	C:\projects\zmotion\MappInect-0.27\application.windows32\rxtxSerial.dll
0x6d8b0000 - 0x6d91a000 	C:\projects\zmotion\MappInect-0.27\application.windows32\SimpleOpenNI32.dll
0x6d860000 - 0x6d8b0000 	C:\Program Files (x86)\OpenNI\Bin\OpenNI.dll
0x6ace0000 - 0x6adb4000 	C:\Program Files (x86)\PrimeSense\NITE\bin\XnVNITE_1_5_2.dll
0x73b30000 - 0x73bd3000 	C:\Windows\WinSxS\x86_microsoft.vc90.crt_1fc8b3b9a1e18e3b_9.0.30729.6161_none_50934f2ebcb7eb57\MSVCR90.dll
0x71a00000 - 0x71a8e000 	C:\Windows\WinSxS\x86_microsoft.vc90.crt_1fc8b3b9a1e18e3b_9.0.30729.6161_none_50934f2ebcb7eb57\MSVCP90.dll
0x6d950000 - 0x6d968000 	C:\Program Files (x86)\OpenNI\bin\nimRecorder.dll
0x6ef60000 - 0x6ef7a000 	C:\Program Files (x86)\OpenNI\bin\nimMockNodes.dll
0x6d810000 - 0x6d859000 	C:\Program Files (x86)\OpenNI\bin\nimCodecs.dll
0x63a70000 - 0x63d08000 	C:\Program Files (x86)\PrimeSense\NITE\Features_1_3_0\Bin\XnVFeatures_1_3_0.dll
0x69c10000 - 0x69e5f000 	C:\Program Files (x86)\PrimeSense\NITE\Features_1_3_1\Bin\XnVFeatures_1_3_1.dll
0x6a060000 - 0x6a279000 	C:\Program Files (x86)\PrimeSense\NITE\Features_1_4_1\Bin\XnVFeatures_1_4_1.dll
0x63450000 - 0x63666000 	C:\Program Files (x86)\PrimeSense\NITE\Features_1_4_2\Bin\XnVFeatures_1_4_2.dll
0x63140000 - 0x63447000 	C:\Program Files (x86)\PrimeSense\NITE\Features_1_5_2\Bin\XnVFeatures_1_5_2.dll
0x6ac00000 - 0x6acd7000 	C:\Program Files (x86)\PrimeSense\NITE\Hands_1_3_0\Bin\XnVHandGenerator_1_3_0.dll
0x6a8a0000 - 0x6a97c000 	C:\Program Files (x86)\PrimeSense\NITE\Hands_1_3_1\Bin\XnVHandGenerator_1_3_1.dll
0x63060000 - 0x6313d000 	C:\Program Files (x86)\PrimeSense\NITE\Hands_1_4_1\Bin\XnVHandGenerator_1_4_1.dll
0x62f80000 - 0x6305d000 	C:\Program Files (x86)\PrimeSense\NITE\Hands_1_4_2\Bin\XnVHandGenerator_1_4_2.dll
0x62e90000 - 0x62f7c000 	C:\Program Files (x86)\PrimeSense\NITE\Hands_1_5_2\Bin\XnVHandGenerator_1_5_2.dll
0x6d7e0000 - 0x6d80e000 	C:\Program Files (x86)\PrimeSense\Sensor\Bin\XnDeviceFile.dll
0x6d940000 - 0x6d94d000 	C:\Program Files (x86)\PrimeSense\Sensor\Bin\XnCore.dll
0x6d580000 - 0x6d5fb000 	C:\Program Files (x86)\PrimeSense\Sensor\Bin\XnDDK.dll
0x6aba0000 - 0x6abfb000 	C:\Program Files (x86)\PrimeSense\Sensor\Bin\XnFormats.dll
0x6a820000 - 0x6a89d000 	C:\Program Files (x86)\PrimeSense\Sensor\Bin\XnDeviceSensorV2.dll
0x6d7c0000 - 0x6d7e0000 	C:\Program Files (x86)\PrimeSense\SensorKinect\Bin\XnDeviceFile.dll
0x6a650000 - 0x6a69f000 	C:\Program Files (x86)\PrimeSense\SensorKinect\Bin\XnDeviceSensorV2KM.dll
0x64c50000 - 0x64d3b000 	C:\Windows\SysWOW64\dbghelp.dll

VM Arguments:
java_command: MappInect
Launcher Type: SUN_STANDARD

Environment Variables:
CLASSPATH=C:\projects\zmotion\MappInect-0.27\application.windows32\lib\MappInect.jar;C:\projects\zmotion\MappInect-0.27\application.windows32\lib\core.jar;C:\projects\zmotion\MappInect-0.27\application.windows32\lib\SimpleOpenNI.jar;C:\projects\zmotion\MappInect-0.27\application.windows32\lib\rwmidi.jar;C:\projects\zmotion\MappInect-0.27\application.windows32\lib\dmxP512.jar;C:\projects\zmotion\MappInect-0.27\application.windows32\lib\RXTXcomm.jar;C:\projects\zmotion\MappInect-0.27\application.windows32\lib\serial.jar;C:\projects\zmotion\MappInect-0.27\application.windows32\lib\oscP5.jar
PATH=C:\Program Files\Common Files\Microsoft Shared\Windows Live;C:\Program Files (x86)\Common Files\Microsoft Shared\Windows Live;C:\Program Files (x86)\ActiveState Komodo IDE 6;C:\Python27;C:\Python27\Scripts;C:\Windows\system32;C:\Windows;C:\Windows\System32\Wbem;C:\Windows\System32\WindowsPowerShell\v1.0;C:\Program Files\SafeNet\Authentication\SAC\x32;C:\Program Files\SafeNet\Authentication\SAC\x64;C:\Program Files (x86)\010 Editor;C:\Program Files\ThinkPad\Bluetooth Software;C:\Program Files\ThinkPad\Bluetooth Software\syswow64;c:\Program Files (x86)\Microsoft SQL Server\100\Tools\Binn;c:\Program Files\Microsoft SQL Server\100\Tools\Binn;c:\Program Files\Microsoft SQL Server\100\DTS\Binn;C:\Program Files (x86)\Google\Google Apps Sync;C:\Program Files (x86)\Google\Google Apps Migration;C:\Program Files (x86)\Windows Kits\8.0\Windows Performance Toolkit;C:\Program Files (x86)\GNU\GnuPG\pub;C:\Program Files\TortoiseSVN\bin;C:\Program Files (x86)\Windows Live\Shared;C:\Program Files (x86)\OpenNI\Bin;C:\Program Files (x86)\PrimeSense\NITE\bin;C:\Program Files (x86)\Nmap
USERNAME=mike
OS=Windows_NT
PROCESSOR_IDENTIFIER=Intel64 Family 6 Model 42 Stepping 7, GenuineIntel



---------------  S Y S T E M  ---------------

OS: Windows 7 , 64 bit Build 7601 Service Pack 1

CPU:total 4 (2 cores per cpu, 2 threads per core) family 6 model 42 stepping 7, cmov, cx8, fxsr, mmx, sse, sse2, sse3, ssse3, sse4.1, sse4.2, popcnt, avx, ht, tsc, tscinvbit

Memory: 4k page, physical 8268012k(4898680k free), swap 16534172k(12531992k free)

vm_info: Java HotSpot(TM) Client VM (23.5-b02) for windows-x86 JRE (1.7.0_09-b05), built on Sep 24 2012 22:01:33 by "java_re" with unknown MS VC++:1600

time: Fri Nov 09 22:27:33 2012
elapsed time: 1 seconds

